<?xml version="1.0" encoding="UTF-8"?>
<!-- Generated by org.testng.reporters.JUnitReportReporter -->
<testsuite skipped="0" hostname="MSI" name="com.cucumberframework.framework.runner.LoginRunner" tests="1" failures="0" timestamp="14 Sep 2017 08:45:33 GMT" time="9.296" errors="0">
  <testcase name="feature" time="9.296" classname="com.cucumberframework.framework.runner.LoginRunner"/>
</testsuite> <!-- com.cucumberframework.framework.runner.LoginRunner -->
